<?xml version="1.0" encoding="UTF-8"?>
<testng-results skipped="0" failed="0" total="3" passed="3">
  <reporter-output>
  </reporter-output>
  <suite name="Default suite" duration-ms="99244" started-at="2015-07-10T09:14:10Z" finished-at="2015-07-10T09:15:49Z">
    <groups>
    </groups>
    <test name="Default test" duration-ms="99244" started-at="2015-07-10T09:14:10Z" finished-at="2015-07-10T09:15:49Z">
      <class name="com.example.tests.ContactsCreationTests">
        <test-method status="PASS" signature="setUp()[pri:0, instance:com.example.tests.ContactsCreationTests@435914ac]" name="setUp" is-config="true" duration-ms="5690" started-at="2015-07-10T12:14:10Z" finished-at="2015-07-10T12:14:16Z">
          <reporter-output>
          </reporter-output>
        </test-method> <!-- setUp -->
        <test-method status="PASS" signature="testNonEmptyContactCreation(com.example.tests.ContacnData)[pri:0, instance:com.example.tests.ContactsCreationTests@435914ac]" name="testNonEmptyContactCreation" duration-ms="31411" started-at="2015-07-10T12:14:16Z" data-provider="randomValidContactGenerator" finished-at="2015-07-10T12:14:47Z">
          <params>
            <param index="0">
              <value>
                <![CDATA[ContacnData [fname=Regina, lname=gizatullina, hnumber=123, mail1=email1@mail.ru]]]>
              </value>
            </param>
          </params>
          <reporter-output>
          </reporter-output>
        </test-method> <!-- testNonEmptyContactCreation -->
        <test-method status="PASS" signature="testNonEmptyContactCreation(com.example.tests.ContacnData)[pri:0, instance:com.example.tests.ContactsCreationTests@435914ac]" name="testNonEmptyContactCreation" duration-ms="30584" started-at="2015-07-10T12:14:47Z" data-provider="randomValidContactGenerator" finished-at="2015-07-10T12:15:18Z">
          <params>
            <param index="0">
              <value>
                <![CDATA[ContacnData [fname=Regina, lname=gizatullina, hnumber=123, mail1=email1@mail.ru]]]>
              </value>
            </param>
          </params>
          <reporter-output>
          </reporter-output>
        </test-method> <!-- testNonEmptyContactCreation -->
        <test-method status="PASS" signature="testNonEmptyContactCreation(com.example.tests.ContacnData)[pri:0, instance:com.example.tests.ContactsCreationTests@435914ac]" name="testNonEmptyContactCreation" duration-ms="31346" started-at="2015-07-10T12:15:18Z" data-provider="randomValidContactGenerator" finished-at="2015-07-10T12:15:49Z">
          <params>
            <param index="0">
              <value>
                <![CDATA[ContacnData [fname=Regina, lname=gizatullina, hnumber=123, mail1=email1@mail.ru]]]>
              </value>
            </param>
          </params>
          <reporter-output>
          </reporter-output>
        </test-method> <!-- testNonEmptyContactCreation -->
        <test-method status="PASS" signature="tearDown()[pri:0, instance:com.example.tests.ContactsCreationTests@435914ac]" name="tearDown" is-config="true" duration-ms="198" started-at="2015-07-10T12:15:49Z" finished-at="2015-07-10T12:15:49Z">
          <reporter-output>
          </reporter-output>
        </test-method> <!-- tearDown -->
      </class> <!-- com.example.tests.ContactsCreationTests -->
    </test> <!-- Default test -->
  </suite> <!-- Default suite -->
</testng-results>
