<?xml version="1.0" encoding="UTF-8"?>
<!-- Generated by org.testng.reporters.JUnitXMLReporter -->
<testsuite hostname="RU1202197827" name="Default test" tests="3" failures="0" timestamp="10 Jul 2015 09:15:49 GMT" time="99.244" errors="0">
  <testcase name="testNonEmptyContactCreation" time="31.411" classname="com.example.tests.ContactsCreationTests"/>
  <testcase name="testNonEmptyContactCreation" time="30.584" classname="com.example.tests.ContactsCreationTests"/>
  <testcase name="testNonEmptyContactCreation" time="31.346" classname="com.example.tests.ContactsCreationTests"/>
</testsuite> <!-- Default test -->
